Change Component Footprint: Designator=R4 Old Footprint=RESAD1042W49L330D178 New Footprint=RESAD1520W63L600D230
Change Component Footprint: Designator=R5 Old Footprint=RESAD1042W49L330D178 New Footprint=RESAD1520W63L600D230
Change Component Comment : Designator=R4 Old Comment=RNMF14FTC2K00 New Comment=CF14JT2K00
Change Component Comment : Designator=R5 Old Comment=RNMF14FTC2K00 New Comment=CF14JT2K00
Change component parameters: Designator = "R4" ("R4"); Footprint = "RESAD1042W49L330D178"; UniqueID = "\PYMYHVMM" ("\PYMYHVMM")
Change component parameters (AddParameter): Name = "Arrow Part Number"; Value = "CF14JT2K00"; VariantName = "[No Variations]"
Change component parameters (AddParameter): Name = "Arrow Price/Stock"; Value = "https://www.arrow.com/en/products/cf14jt2k00/stackpole-electronics"; VariantName = "[No Variations]"
Change component parameters (AddParameter): Name = "Datasheet Link"; Value = "https://cs.seielect.com/catalog/SEI-CF_CFM.pdf"; VariantName = "[No Variations]"
Change component parameters (AddParameter): Name = "Manufacturer_Name"; Value = "Stackpole Electronics"; VariantName = "[No Variations]"
Change component parameters (AddParameter): Name = "Manufacturer_Part_Number"; Value = "CF14JT2K00"; VariantName = "[No Variations]"
Change component parameters (AddParameter): Name = "Mouser Part Number"; Value = ""; VariantName = "[No Variations]"
Change component parameters (AddParameter): Name = "Mouser Price/Stock"; Value = ""; VariantName = "[No Variations]"
Change component parameters (AddParameter): Name = "Resistance"; Value = "2k"; VariantName = "[No Variations]"
Change component parameters: Designator = "R5" ("R5"); Footprint = "RESAD1042W49L330D178"; UniqueID = "\NQLGOSRO" ("\NQLGOSRO")
Change component parameters (AddParameter): Name = "Arrow Part Number"; Value = "CF14JT2K00"; VariantName = "[No Variations]"
Change component parameters (AddParameter): Name = "Arrow Price/Stock"; Value = "https://www.arrow.com/en/products/cf14jt2k00/stackpole-electronics"; VariantName = "[No Variations]"
Change component parameters (AddParameter): Name = "Datasheet Link"; Value = "https://cs.seielect.com/catalog/SEI-CF_CFM.pdf"; VariantName = "[No Variations]"
Change component parameters (AddParameter): Name = "Manufacturer_Name"; Value = "Stackpole Electronics"; VariantName = "[No Variations]"
Change component parameters (AddParameter): Name = "Manufacturer_Part_Number"; Value = "CF14JT2K00"; VariantName = "[No Variations]"
Change component parameters (AddParameter): Name = "Mouser Part Number"; Value = ""; VariantName = "[No Variations]"
Change component parameters (AddParameter): Name = "Mouser Price/Stock"; Value = ""; VariantName = "[No Variations]"
Change component parameters (AddParameter): Name = "Resistance"; Value = "2k"; VariantName = "[No Variations]"
Add Component: Footprint Not Found 1729018
Add Pin To Net: Unknown Pin: Pin J2-1
Add Pin To Net: Unknown Pin: Pin J2-2
Add Class Member: Failed to add class member : Component J2 1729018
